stdio    D         file_stdio.c:105  file_stdio_fopen                 [   0.00000] opening C:\Users\Feniks\Documents\Project_for_Golden_byte\x64\Debug\allegro5.cfg r
system   I             system.c:242  al_install_system                [   0.00000] Allegro version: 5.1.13 (WIP)
system   D            wsystem.c:674  maybe_parent_dir                 [   0.00036] Also searching C:\Users\Feniks\Documents\Project_for_Golden_byte\x64\
system   D            wsystem.c:724  _al_win_safe_load_library        [   0.00062] PathFindOnPath found: C:\Windows\system32\d3d9.dll
system   D            wsystem.c:635  load_library_at_path             [   0.00066] Calling LoadLibrary C:\Windows\system32\d3d9.dll
system   I            wsystem.c:638  load_library_at_path             [   0.05467] Loaded C:\Windows\system32\d3d9.dll
d3d      I         d3d_disp.cpp:674  d3d_init_display                 [   0.37017] Render-to-texture: 1
d3d      I         d3d_disp.cpp:1769 d3d_create_display_locked        [   0.37092] faux_fullscreen=0
d3d      D         d3d_disp.cpp:1770 d3d_create_display_locked        [   0.37096] al_display=0000000000115830
d3d      D         d3d_disp.cpp:1771 d3d_create_display_locked        [   0.37099] al_display->vt=000000000010C170
d3d      I d3d_display_formats.cpp:144  _al_d3d_generate_display_format_list [   0.38717] found 128 format combinations
display  D   display_settings.c:212  debug_display_settings           [   0.38723] color: 32 (rgba 8880), depth: 0, stencil: 0, acc: 0000, samples: 0/0
display  D   display_settings.c:527  _al_score_display_settings       [   0.38727] Score is : 897
display  D   display_settings.c:212  debug_display_settings           [   0.38730] color: 32 (rgba 8880), depth: 0, stencil: 0, acc: 0000, samples: 0/0
display  D   display_settings.c:527  _al_score_display_settings       [   0.38733] Score is : 897
display  D   display_settings.c:212  debug_display_settings           [   0.38736] color: 32 (rgba 8880), depth: 0, stencil: 0, acc: 0000, samples: 2/1
display  D   display_settings.c:527  _al_score_display_settings       [   0.38739] Score is : 726
display  D   display_settings.c:212  debug_display_settings           [   0.38741] color: 32 (rgba 8880), depth: 0, stencil: 0, acc: 0000, samples: 3/1
display  D   display_settings.c:527  _al_score_display_settings       [   0.38745] Score is : 721
display  D   display_settings.c:212  debug_display_settings           [   0.38747] color: 32 (rgba 8880), depth: 24, stencil: 8, acc: 0000, samples: 0/0
display  D   display_settings.c:527  _al_score_display_settings       [   0.38751] Score is : 897
display  D   display_settings.c:212  debug_display_settings           [   0.38753] color: 32 (rgba 8880), depth: 24, stencil: 8, acc: 0000, samples: 0/0
display  D   display_settings.c:527  _al_score_display_settings       [   0.38757] Score is : 897
display  D   display_settings.c:212  debug_display_settings           [   0.38759] color: 32 (rgba 8880), depth: 24, stencil: 8, acc: 0000, samples: 2/1
display  D   display_settings.c:527  _al_score_display_settings       [   0.38762] Score is : 726
display  D   display_settings.c:212  debug_display_settings           [   0.38765] color: 32 (rgba 8880), depth: 24, stencil: 8, acc: 0000, samples: 3/1
display  D   display_settings.c:527  _al_score_display_settings       [   0.38768] Score is : 721
display  D   display_settings.c:212  debug_display_settings           [   0.38771] color: 32 (rgba 8880), depth: 24, stencil: 0, acc: 0000, samples: 0/0
display  D   display_settings.c:527  _al_score_display_settings       [   0.38774] Score is : 897
display  D   display_settings.c:212  debug_display_settings           [   0.38777] color: 32 (rgba 8880), depth: 24, stencil: 0, acc: 0000, samples: 0/0
display  D   display_settings.c:527  _al_score_display_settings       [   0.38780] Score is : 897
display  D   display_settings.c:212  debug_display_settings           [   0.38782] color: 32 (rgba 8880), depth: 24, stencil: 0, acc: 0000, samples: 2/1
display  D   display_settings.c:527  _al_score_display_settings       [   0.38786] Score is : 726
display  D   display_settings.c:212  debug_display_settings           [   0.38792] color: 32 (rgba 8880), depth: 24, stencil: 0, acc: 0000, samples: 3/1
display  D   display_settings.c:527  _al_score_display_settings       [   0.38796] Score is : 721
display  D   display_settings.c:212  debug_display_settings           [   0.38799] color: 32 (rgba 8880), depth: 16, stencil: 0, acc: 0000, samples: 0/0
display  D   display_settings.c:527  _al_score_display_settings       [   0.38802] Score is : 897
display  D   display_settings.c:212  debug_display_settings           [   0.38805] color: 32 (rgba 8880), depth: 16, stencil: 0, acc: 0000, samples: 0/0
display  D   display_settings.c:527  _al_score_display_settings       [   0.38808] Score is : 897
display  D   display_settings.c:212  debug_display_settings           [   0.38811] color: 32 (rgba 8880), depth: 16, stencil: 0, acc: 0000, samples: 2/1
display  D   display_settings.c:527  _al_score_display_settings       [   0.38814] Score is : 726
display  D   display_settings.c:212  debug_display_settings           [   0.38817] color: 32 (rgba 8880), depth: 16, stencil: 0, acc: 0000, samples: 3/1
display  D   display_settings.c:527  _al_score_display_settings       [   0.38820] Score is : 721
display  D   display_settings.c:212  debug_display_settings           [   0.38822] color: 16 (rgba 5650), depth: 0, stencil: 0, acc: 0000, samples: 0/0
display  D   display_settings.c:527  _al_score_display_settings       [   0.38826] Score is : 897
display  D   display_settings.c:212  debug_display_settings           [   0.38828] color: 16 (rgba 5650), depth: 0, stencil: 0, acc: 0000, samples: 0/0
display  D   display_settings.c:527  _al_score_display_settings       [   0.38831] Score is : 897
display  D   display_settings.c:212  debug_display_settings           [   0.38834] color: 16 (rgba 5650), depth: 0, stencil: 0, acc: 0000, samples: 2/1
display  D   display_settings.c:527  _al_score_display_settings       [   0.38837] Score is : 726
display  D   display_settings.c:212  debug_display_settings           [   0.38840] color: 16 (rgba 5650), depth: 0, stencil: 0, acc: 0000, samples: 3/1
display  D   display_settings.c:527  _al_score_display_settings       [   0.38843] Score is : 721
display  D   display_settings.c:212  debug_display_settings           [   0.38855] color: 16 (rgba 5650), depth: 24, stencil: 8, acc: 0000, samples: 0/0
display  D   display_settings.c:527  _al_score_display_settings       [   0.38859] Score is : 897
display  D   display_settings.c:212  debug_display_settings           [   0.38861] color: 16 (rgba 5650), depth: 24, stencil: 8, acc: 0000, samples: 0/0
display  D   display_settings.c:527  _al_score_display_settings       [   0.38865] Score is : 897
display  D   display_settings.c:212  debug_display_settings           [   0.38867] color: 16 (rgba 5650), depth: 24, stencil: 8, acc: 0000, samples: 2/1
display  D   display_settings.c:527  _al_score_display_settings       [   0.38870] Score is : 726
display  D   display_settings.c:212  debug_display_settings           [   0.38873] color: 16 (rgba 5650), depth: 24, stencil: 8, acc: 0000, samples: 3/1
display  D   display_settings.c:527  _al_score_display_settings       [   0.38876] Score is : 721
display  D   display_settings.c:212  debug_display_settings           [   0.38879] color: 16 (rgba 5650), depth: 24, stencil: 0, acc: 0000, samples: 0/0
display  D   display_settings.c:527  _al_score_display_settings       [   0.38882] Score is : 897
display  D   display_settings.c:212  debug_display_settings           [   0.38885] color: 16 (rgba 5650), depth: 24, stencil: 0, acc: 0000, samples: 0/0
display  D   display_settings.c:527  _al_score_display_settings       [   0.38888] Score is : 897
display  D   display_settings.c:212  debug_display_settings           [   0.38890] color: 16 (rgba 5650), depth: 24, stencil: 0, acc: 0000, samples: 2/1
display  D   display_settings.c:527  _al_score_display_settings       [   0.38894] Score is : 726
display  D   display_settings.c:212  debug_display_settings           [   0.38897] color: 16 (rgba 5650), depth: 24, stencil: 0, acc: 0000, samples: 3/1
display  D   display_settings.c:527  _al_score_display_settings       [   0.38900] Score is : 721
display  D   display_settings.c:212  debug_display_settings           [   0.38903] color: 16 (rgba 5650), depth: 16, stencil: 0, acc: 0000, samples: 0/0
display  D   display_settings.c:527  _al_score_display_settings       [   0.38906] Score is : 897
display  D   display_settings.c:212  debug_display_settings           [   0.38908] color: 16 (rgba 5650), depth: 16, stencil: 0, acc: 0000, samples: 0/0
display  D   display_settings.c:527  _al_score_display_settings       [   0.38912] Score is : 897
display  D   display_settings.c:212  debug_display_settings           [   0.38914] color: 16 (rgba 5650), depth: 16, stencil: 0, acc: 0000, samples: 2/1
display  D   display_settings.c:527  _al_score_display_settings       [   0.38918] Score is : 726
display  D   display_settings.c:212  debug_display_settings           [   0.38920] color: 16 (rgba 5650), depth: 16, stencil: 0, acc: 0000, samples: 3/1
display  D   display_settings.c:527  _al_score_display_settings       [   0.38923] Score is : 721
display  D   display_settings.c:212  debug_display_settings           [   0.38926] color: 32 (rgba 8880), depth: 0, stencil: 0, acc: 0000, samples: 0/0
display  D   display_settings.c:398  _al_score_display_settings       [   0.38929] Single Buffer requirement not met.
display  D   display_settings.c:212  debug_display_settings           [   0.38932] color: 32 (rgba 8880), depth: 0, stencil: 0, acc: 0000, samples: 0/0
display  D   display_settings.c:398  _al_score_display_settings       [   0.38935] Single Buffer requirement not met.
display  D   display_settings.c:212  debug_display_settings           [   0.38938] color: 32 (rgba 8880), depth: 0, stencil: 0, acc: 0000, samples: 2/1
display  D   display_settings.c:398  _al_score_display_settings       [   0.38941] Single Buffer requirement not met.
display  D   display_settings.c:212  debug_display_settings           [   0.38944] color: 32 (rgba 8880), depth: 0, stencil: 0, acc: 0000, samples: 3/1
display  D   display_settings.c:398  _al_score_display_settings       [   0.38947] Single Buffer requirement not met.
display  D   display_settings.c:212  debug_display_settings           [   0.38949] color: 32 (rgba 8880), depth: 24, stencil: 8, acc: 0000, samples: 0/0
display  D   display_settings.c:398  _al_score_display_settings       [   0.38953] Single Buffer requirement not met.
display  D   display_settings.c:212  debug_display_settings           [   0.38968] color: 32 (rgba 8880), depth: 24, stencil: 8, acc: 0000, samples: 0/0
display  D   display_settings.c:398  _al_score_display_settings       [   0.38972] Single Buffer requirement not met.
display  D   display_settings.c:212  debug_display_settings           [   0.38974] color: 32 (rgba 8880), depth: 24, stencil: 8, acc: 0000, samples: 2/1
display  D   display_settings.c:398  _al_score_display_settings       [   0.38978] Single Buffer requirement not met.
display  D   display_settings.c:212  debug_display_settings           [   0.38980] color: 32 (rgba 8880), depth: 24, stencil: 8, acc: 0000, samples: 3/1
display  D   display_settings.c:398  _al_score_display_settings       [   0.38984] Single Buffer requirement not met.
display  D   display_settings.c:212  debug_display_settings           [   0.38986] color: 32 (rgba 8880), depth: 24, stencil: 0, acc: 0000, samples: 0/0
display  D   display_settings.c:398  _al_score_display_settings       [   0.38989] Single Buffer requirement not met.
display  D   display_settings.c:212  debug_display_settings           [   0.38992] color: 32 (rgba 8880), depth: 24, stencil: 0, acc: 0000, samples: 0/0
display  D   display_settings.c:398  _al_score_display_settings       [   0.38995] Single Buffer requirement not met.
display  D   display_settings.c:212  debug_display_settings           [   0.38998] color: 32 (rgba 8880), depth: 24, stencil: 0, acc: 0000, samples: 2/1
display  D   display_settings.c:398  _al_score_display_settings       [   0.39001] Single Buffer requirement not met.
display  D   display_settings.c:212  debug_display_settings           [   0.39004] color: 32 (rgba 8880), depth: 24, stencil: 0, acc: 0000, samples: 3/1
display  D   display_settings.c:398  _al_score_display_settings       [   0.39008] Single Buffer requirement not met.
display  D   display_settings.c:212  debug_display_settings           [   0.39010] color: 32 (rgba 8880), depth: 16, stencil: 0, acc: 0000, samples: 0/0
display  D   display_settings.c:398  _al_score_display_settings       [   0.39014] Single Buffer requirement not met.
display  D   display_settings.c:212  debug_display_settings           [   0.39016] color: 32 (rgba 8880), depth: 16, stencil: 0, acc: 0000, samples: 0/0
display  D   display_settings.c:398  _al_score_display_settings       [   0.39020] Single Buffer requirement not met.
display  D   display_settings.c:212  debug_display_settings           [   0.39022] color: 32 (rgba 8880), depth: 16, stencil: 0, acc: 0000, samples: 2/1
display  D   display_settings.c:398  _al_score_display_settings       [   0.39025] Single Buffer requirement not met.
display  D   display_settings.c:212  debug_display_settings           [   0.39028] color: 32 (rgba 8880), depth: 16, stencil: 0, acc: 0000, samples: 3/1
display  D   display_settings.c:398  _al_score_display_settings       [   0.39031] Single Buffer requirement not met.
display  D   display_settings.c:212  debug_display_settings           [   0.39034] color: 16 (rgba 5650), depth: 0, stencil: 0, acc: 0000, samples: 0/0
display  D   display_settings.c:398  _al_score_display_settings       [   0.39037] Single Buffer requirement not met.
display  D   display_settings.c:212  debug_display_settings           [   0.39040] color: 16 (rgba 5650), depth: 0, stencil: 0, acc: 0000, samples: 0/0
display  D   display_settings.c:398  _al_score_display_settings       [   0.39043] Single Buffer requirement not met.
display  D   display_settings.c:212  debug_display_settings           [   0.39046] color: 16 (rgba 5650), depth: 0, stencil: 0, acc: 0000, samples: 2/1
display  D   display_settings.c:398  _al_score_display_settings       [   0.39049] Single Buffer requirement not met.
display  D   display_settings.c:212  debug_display_settings           [   0.39052] color: 16 (rgba 5650), depth: 0, stencil: 0, acc: 0000, samples: 3/1
display  D   display_settings.c:398  _al_score_display_settings       [   0.39055] Single Buffer requirement not met.
display  D   display_settings.c:212  debug_display_settings           [   0.39058] color: 16 (rgba 5650), depth: 24, stencil: 8, acc: 0000, samples: 0/0
display  D   display_settings.c:398  _al_score_display_settings       [   0.39061] Single Buffer requirement not met.
display  D   display_settings.c:212  debug_display_settings           [   0.39064] color: 16 (rgba 5650), depth: 24, stencil: 8, acc: 0000, samples: 0/0
display  D   display_settings.c:398  _al_score_display_settings       [   0.39067] Single Buffer requirement not met.
display  D   display_settings.c:212  debug_display_settings           [   0.39070] color: 16 (rgba 5650), depth: 24, stencil: 8, acc: 0000, samples: 2/1
display  D   display_settings.c:398  _al_score_display_settings       [   0.39073] Single Buffer requirement not met.
display  D   display_settings.c:212  debug_display_settings           [   0.39075] color: 16 (rgba 5650), depth: 24, stencil: 8, acc: 0000, samples: 3/1
display  D   display_settings.c:398  _al_score_display_settings       [   0.39079] Single Buffer requirement not met.
display  D   display_settings.c:212  debug_display_settings           [   0.39081] color: 16 (rgba 5650), depth: 24, stencil: 0, acc: 0000, samples: 0/0
display  D   display_settings.c:398  _al_score_display_settings       [   0.39085] Single Buffer requirement not met.
display  D   display_settings.c:212  debug_display_settings           [   0.39087] color: 16 (rgba 5650), depth: 24, stencil: 0, acc: 0000, samples: 0/0
display  D   display_settings.c:398  _al_score_display_settings       [   0.39094] Single Buffer requirement not met.
display  D   display_settings.c:212  debug_display_settings           [   0.39097] color: 16 (rgba 5650), depth: 24, stencil: 0, acc: 0000, samples: 2/1
display  D   display_settings.c:398  _al_score_display_settings       [   0.39100] Single Buffer requirement not met.
display  D   display_settings.c:212  debug_display_settings           [   0.39103] color: 16 (rgba 5650), depth: 24, stencil: 0, acc: 0000, samples: 3/1
display  D   display_settings.c:398  _al_score_display_settings       [   0.39106] Single Buffer requirement not met.
display  D   display_settings.c:212  debug_display_settings           [   0.39109] color: 16 (rgba 5650), depth: 16, stencil: 0, acc: 0000, samples: 0/0
display  D   display_settings.c:398  _al_score_display_settings       [   0.39112] Single Buffer requirement not met.
display  D   display_settings.c:212  debug_display_settings           [   0.39114] color: 16 (rgba 5650), depth: 16, stencil: 0, acc: 0000, samples: 0/0
display  D   display_settings.c:398  _al_score_display_settings       [   0.39118] Single Buffer requirement not met.
display  D   display_settings.c:212  debug_display_settings           [   0.39120] color: 16 (rgba 5650), depth: 16, stencil: 0, acc: 0000, samples: 2/1
display  D   display_settings.c:398  _al_score_display_settings       [   0.39124] Single Buffer requirement not met.
display  D   display_settings.c:212  debug_display_settings           [   0.39126] color: 16 (rgba 5650), depth: 16, stencil: 0, acc: 0000, samples: 3/1
display  D   display_settings.c:398  _al_score_display_settings       [   0.39129] Single Buffer requirement not met.
display  D   display_settings.c:212  debug_display_settings           [   0.39132] color: 32 (rgba 8880), depth: 0, stencil: 0, acc: 0000, samples: 0/0
display  D   display_settings.c:527  _al_score_display_settings       [   0.39135] Score is : 769
display  D   display_settings.c:212  debug_display_settings           [   0.39138] color: 32 (rgba 8880), depth: 0, stencil: 0, acc: 0000, samples: 0/0
display  D   display_settings.c:527  _al_score_display_settings       [   0.39141] Score is : 769
display  D   display_settings.c:212  debug_display_settings           [   0.39144] color: 32 (rgba 8880), depth: 0, stencil: 0, acc: 0000, samples: 2/1
display  D   display_settings.c:527  _al_score_display_settings       [   0.39147] Score is : 598
display  D   display_settings.c:212  debug_display_settings           [   0.39150] color: 32 (rgba 8880), depth: 0, stencil: 0, acc: 0000, samples: 3/1
display  D   display_settings.c:527  _al_score_display_settings       [   0.39153] Score is : 593
display  D   display_settings.c:212  debug_display_settings           [   0.39165] color: 32 (rgba 8880), depth: 24, stencil: 8, acc: 0000, samples: 0/0
display  D   display_settings.c:527  _al_score_display_settings       [   0.39170] Score is : 769
display  D   display_settings.c:212  debug_display_settings           [   0.39172] color: 32 (rgba 8880), depth: 24, stencil: 8, acc: 0000, samples: 0/0
display  D   display_settings.c:527  _al_score_display_settings       [   0.39175] Score is : 769
display  D   display_settings.c:212  debug_display_settings           [   0.39178] color: 32 (rgba 8880), depth: 24, stencil: 8, acc: 0000, samples: 2/1
display  D   display_settings.c:527  _al_score_display_settings       [   0.39181] Score is : 598
display  D   display_settings.c:212  debug_display_settings           [   0.39184] color: 32 (rgba 8880), depth: 24, stencil: 8, acc: 0000, samples: 3/1
display  D   display_settings.c:527  _al_score_display_settings       [   0.39187] Score is : 593
display  D   display_settings.c:212  debug_display_settings           [   0.39190] color: 32 (rgba 8880), depth: 24, stencil: 0, acc: 0000, samples: 0/0
display  D   display_settings.c:527  _al_score_display_settings       [   0.39193] Score is : 769
display  D   display_settings.c:212  debug_display_settings           [   0.39196] color: 32 (rgba 8880), depth: 24, stencil: 0, acc: 0000, samples: 0/0
display  D   display_settings.c:527  _al_score_display_settings       [   0.39199] Score is : 769
display  D   display_settings.c:212  debug_display_settings           [   0.39202] color: 32 (rgba 8880), depth: 24, stencil: 0, acc: 0000, samples: 2/1
display  D   display_settings.c:527  _al_score_display_settings       [   0.39205] Score is : 598
display  D   display_settings.c:212  debug_display_settings           [   0.39208] color: 32 (rgba 8880), depth: 24, stencil: 0, acc: 0000, samples: 3/1
display  D   display_settings.c:527  _al_score_display_settings       [   0.39211] Score is : 593
display  D   display_settings.c:212  debug_display_settings           [   0.39214] color: 32 (rgba 8880), depth: 16, stencil: 0, acc: 0000, samples: 0/0
display  D   display_settings.c:527  _al_score_display_settings       [   0.39217] Score is : 769
display  D   display_settings.c:212  debug_display_settings           [   0.39220] color: 32 (rgba 8880), depth: 16, stencil: 0, acc: 0000, samples: 0/0
display  D   display_settings.c:527  _al_score_display_settings       [   0.39223] Score is : 769
display  D   display_settings.c:212  debug_display_settings           [   0.39226] color: 32 (rgba 8880), depth: 16, stencil: 0, acc: 0000, samples: 2/1
display  D   display_settings.c:527  _al_score_display_settings       [   0.39229] Score is : 598
display  D   display_settings.c:212  debug_display_settings           [   0.39231] color: 32 (rgba 8880), depth: 16, stencil: 0, acc: 0000, samples: 3/1
display  D   display_settings.c:527  _al_score_display_settings       [   0.39235] Score is : 593
display  D   display_settings.c:212  debug_display_settings           [   0.39237] color: 16 (rgba 5650), depth: 0, stencil: 0, acc: 0000, samples: 0/0
display  D   display_settings.c:527  _al_score_display_settings       [   0.39241] Score is : 769
display  D   display_settings.c:212  debug_display_settings           [   0.39243] color: 16 (rgba 5650), depth: 0, stencil: 0, acc: 0000, samples: 0/0
display  D   display_settings.c:527  _al_score_display_settings       [   0.39247] Score is : 769
display  D   display_settings.c:212  debug_display_settings           [   0.39249] color: 16 (rgba 5650), depth: 0, stencil: 0, acc: 0000, samples: 2/1
display  D   display_settings.c:527  _al_score_display_settings       [   0.39253] Score is : 598
display  D   display_settings.c:212  debug_display_settings           [   0.39255] color: 16 (rgba 5650), depth: 0, stencil: 0, acc: 0000, samples: 3/1
display  D   display_settings.c:527  _al_score_display_settings       [   0.39259] Score is : 593
display  D   display_settings.c:212  debug_display_settings           [   0.39261] color: 16 (rgba 5650), depth: 24, stencil: 8, acc: 0000, samples: 0/0
display  D   display_settings.c:527  _al_score_display_settings       [   0.39265] Score is : 769
display  D   display_settings.c:212  debug_display_settings           [   0.39267] color: 16 (rgba 5650), depth: 24, stencil: 8, acc: 0000, samples: 0/0
display  D   display_settings.c:527  _al_score_display_settings       [   0.39270] Score is : 769
display  D   display_settings.c:212  debug_display_settings           [   0.39273] color: 16 (rgba 5650), depth: 24, stencil: 8, acc: 0000, samples: 2/1
display  D   display_settings.c:527  _al_score_display_settings       [   0.39276] Score is : 598
display  D   display_settings.c:212  debug_display_settings           [   0.39279] color: 16 (rgba 5650), depth: 24, stencil: 8, acc: 0000, samples: 3/1
display  D   display_settings.c:527  _al_score_display_settings       [   0.39282] Score is : 593
display  D   display_settings.c:212  debug_display_settings           [   0.39285] color: 16 (rgba 5650), depth: 24, stencil: 0, acc: 0000, samples: 0/0
display  D   display_settings.c:527  _al_score_display_settings       [   0.39288] Score is : 769
display  D   display_settings.c:212  debug_display_settings           [   0.39291] color: 16 (rgba 5650), depth: 24, stencil: 0, acc: 0000, samples: 0/0
display  D   display_settings.c:527  _al_score_display_settings       [   0.39294] Score is : 769
display  D   display_settings.c:212  debug_display_settings           [   0.39297] color: 16 (rgba 5650), depth: 24, stencil: 0, acc: 0000, samples: 2/1
display  D   display_settings.c:527  _al_score_display_settings       [   0.39300] Score is : 598
display  D   display_settings.c:212  debug_display_settings           [   0.39303] color: 16 (rgba 5650), depth: 24, stencil: 0, acc: 0000, samples: 3/1
display  D   display_settings.c:527  _al_score_display_settings       [   0.39306] Score is : 593
display  D   display_settings.c:212  debug_display_settings           [   0.39309] color: 16 (rgba 5650), depth: 16, stencil: 0, acc: 0000, samples: 0/0
display  D   display_settings.c:527  _al_score_display_settings       [   0.39312] Score is : 769
display  D   display_settings.c:212  debug_display_settings           [   0.39315] color: 16 (rgba 5650), depth: 16, stencil: 0, acc: 0000, samples: 0/0
display  D   display_settings.c:527  _al_score_display_settings       [   0.39318] Score is : 769
display  D   display_settings.c:212  debug_display_settings           [   0.39320] color: 16 (rgba 5650), depth: 16, stencil: 0, acc: 0000, samples: 2/1
display  D   display_settings.c:527  _al_score_display_settings       [   0.39324] Score is : 598
display  D   display_settings.c:212  debug_display_settings           [   0.39326] color: 16 (rgba 5650), depth: 16, stencil: 0, acc: 0000, samples: 3/1
display  D   display_settings.c:527  _al_score_display_settings       [   0.39330] Score is : 593
display  D   display_settings.c:212  debug_display_settings           [   0.39332] color: 32 (rgba 8880), depth: 0, stencil: 0, acc: 0000, samples: 0/0
display  D   display_settings.c:398  _al_score_display_settings       [   0.39335] Single Buffer requirement not met.
display  D   display_settings.c:212  debug_display_settings           [   0.39338] color: 32 (rgba 8880), depth: 0, stencil: 0, acc: 0000, samples: 0/0
display  D   display_settings.c:398  _al_score_display_settings       [   0.39341] Single Buffer requirement not met.
display  D   display_settings.c:212  debug_display_settings           [   0.39344] color: 32 (rgba 8880), depth: 0, stencil: 0, acc: 0000, samples: 2/1
display  D   display_settings.c:398  _al_score_display_settings       [   0.39347] Single Buffer requirement not met.
display  D   display_settings.c:212  debug_display_settings           [   0.39350] color: 32 (rgba 8880), depth: 0, stencil: 0, acc: 0000, samples: 3/1
display  D   display_settings.c:398  _al_score_display_settings       [   0.39353] Single Buffer requirement not met.
display  D   display_settings.c:212  debug_display_settings           [   0.39356] color: 32 (rgba 8880), depth: 24, stencil: 8, acc: 0000, samples: 0/0
display  D   display_settings.c:398  _al_score_display_settings       [   0.39359] Single Buffer requirement not met.
display  D   display_settings.c:212  debug_display_settings           [   0.39362] color: 32 (rgba 8880), depth: 24, stencil: 8, acc: 0000, samples: 0/0
display  D   display_settings.c:398  _al_score_display_settings       [   0.39365] Single Buffer requirement not met.
display  D   display_settings.c:212  debug_display_settings           [   0.39368] color: 32 (rgba 8880), depth: 24, stencil: 8, acc: 0000, samples: 2/1
display  D   display_settings.c:398  _al_score_display_settings       [   0.39371] Single Buffer requirement not met.
display  D   display_settings.c:212  debug_display_settings           [   0.39374] color: 32 (rgba 8880), depth: 24, stencil: 8, acc: 0000, samples: 3/1
display  D   display_settings.c:398  _al_score_display_settings       [   0.39377] Single Buffer requirement not met.
display  D   display_settings.c:212  debug_display_settings           [   0.39380] color: 32 (rgba 8880), depth: 24, stencil: 0, acc: 0000, samples: 0/0
display  D   display_settings.c:398  _al_score_display_settings       [   0.39383] Single Buffer requirement not met.
display  D   display_settings.c:212  debug_display_settings           [   0.39386] color: 32 (rgba 8880), depth: 24, stencil: 0, acc: 0000, samples: 0/0
display  D   display_settings.c:398  _al_score_display_settings       [   0.39389] Single Buffer requirement not met.
display  D   display_settings.c:212  debug_display_settings           [   0.39392] color: 32 (rgba 8880), depth: 24, stencil: 0, acc: 0000, samples: 2/1
display  D   display_settings.c:398  _al_score_display_settings       [   0.39395] Single Buffer requirement not met.
display  D   display_settings.c:212  debug_display_settings           [   0.39398] color: 32 (rgba 8880), depth: 24, stencil: 0, acc: 0000, samples: 3/1
display  D   display_settings.c:398  _al_score_display_settings       [   0.39401] Single Buffer requirement not met.
display  D   display_settings.c:212  debug_display_settings           [   0.39404] color: 32 (rgba 8880), depth: 16, stencil: 0, acc: 0000, samples: 0/0
display  D   display_settings.c:398  _al_score_display_settings       [   0.39407] Single Buffer requirement not met.
display  D   display_settings.c:212  debug_display_settings           [   0.39410] color: 32 (rgba 8880), depth: 16, stencil: 0, acc: 0000, samples: 0/0
display  D   display_settings.c:398  _al_score_display_settings       [   0.39413] Single Buffer requirement not met.
display  D   display_settings.c:212  debug_display_settings           [   0.39415] color: 32 (rgba 8880), depth: 16, stencil: 0, acc: 0000, samples: 2/1
display  D   display_settings.c:398  _al_score_display_settings       [   0.39419] Single Buffer requirement not met.
display  D   display_settings.c:212  debug_display_settings           [   0.39421] color: 32 (rgba 8880), depth: 16, stencil: 0, acc: 0000, samples: 3/1
display  D   display_settings.c:398  _al_score_display_settings       [   0.39425] Single Buffer requirement not met.
display  D   display_settings.c:212  debug_display_settings           [   0.39427] color: 16 (rgba 5650), depth: 0, stencil: 0, acc: 0000, samples: 0/0
display  D   display_settings.c:398  _al_score_display_settings       [   0.39430] Single Buffer requirement not met.
display  D   display_settings.c:212  debug_display_settings           [   0.39433] color: 16 (rgba 5650), depth: 0, stencil: 0, acc: 0000, samples: 0/0
display  D   display_settings.c:398  _al_score_display_settings       [   0.39436] Single Buffer requirement not met.
display  D   display_settings.c:212  debug_display_settings           [   0.39439] color: 16 (rgba 5650), depth: 0, stencil: 0, acc: 0000, samples: 2/1
display  D   display_settings.c:398  _al_score_display_settings       [   0.39442] Single Buffer requirement not met.
display  D   display_settings.c:212  debug_display_settings           [   0.39445] color: 16 (rgba 5650), depth: 0, stencil: 0, acc: 0000, samples: 3/1
display  D   display_settings.c:398  _al_score_display_settings       [   0.39448] Single Buffer requirement not met.
display  D   display_settings.c:212  debug_display_settings           [   0.39451] color: 16 (rgba 5650), depth: 24, stencil: 8, acc: 0000, samples: 0/0
display  D   display_settings.c:398  _al_score_display_settings       [   0.39454] Single Buffer requirement not met.
display  D   display_settings.c:212  debug_display_settings           [   0.39457] color: 16 (rgba 5650), depth: 24, stencil: 8, acc: 0000, samples: 0/0
display  D   display_settings.c:398  _al_score_display_settings       [   0.39460] Single Buffer requirement not met.
display  D   display_settings.c:212  debug_display_settings           [   0.39463] color: 16 (rgba 5650), depth: 24, stencil: 8, acc: 0000, samples: 2/1
display  D   display_settings.c:398  _al_score_display_settings       [   0.39466] Single Buffer requirement not met.
display  D   display_settings.c:212  debug_display_settings           [   0.39469] color: 16 (rgba 5650), depth: 24, stencil: 8, acc: 0000, samples: 3/1
display  D   display_settings.c:398  _al_score_display_settings       [   0.39472] Single Buffer requirement not met.
display  D   display_settings.c:212  debug_display_settings           [   0.39477] color: 16 (rgba 5650), depth: 24, stencil: 0, acc: 0000, samples: 0/0
display  D   display_settings.c:398  _al_score_display_settings       [   0.39481] Single Buffer requirement not met.
display  D   display_settings.c:212  debug_display_settings           [   0.39484] color: 16 (rgba 5650), depth: 24, stencil: 0, acc: 0000, samples: 0/0
display  D   display_settings.c:398  _al_score_display_settings       [   0.39487] Single Buffer requirement not met.
display  D   display_settings.c:212  debug_display_settings           [   0.39490] color: 16 (rgba 5650), depth: 24, stencil: 0, acc: 0000, samples: 2/1
display  D   display_settings.c:398  _al_score_display_settings       [   0.39493] Single Buffer requirement not met.
display  D   display_settings.c:212  debug_display_settings           [   0.39496] color: 16 (rgba 5650), depth: 24, stencil: 0, acc: 0000, samples: 3/1
display  D   display_settings.c:398  _al_score_display_settings       [   0.39499] Single Buffer requirement not met.
display  D   display_settings.c:212  debug_display_settings           [   0.39502] color: 16 (rgba 5650), depth: 16, stencil: 0, acc: 0000, samples: 0/0
display  D   display_settings.c:398  _al_score_display_settings       [   0.39505] Single Buffer requirement not met.
display  D   display_settings.c:212  debug_display_settings           [   0.39508] color: 16 (rgba 5650), depth: 16, stencil: 0, acc: 0000, samples: 0/0
display  D   display_settings.c:398  _al_score_display_settings       [   0.39511] Single Buffer requirement not met.
display  D   display_settings.c:212  debug_display_settings           [   0.39514] color: 16 (rgba 5650), depth: 16, stencil: 0, acc: 0000, samples: 2/1
display  D   display_settings.c:398  _al_score_display_settings       [   0.39517] Single Buffer requirement not met.
display  D   display_settings.c:212  debug_display_settings           [   0.39520] color: 16 (rgba 5650), depth: 16, stencil: 0, acc: 0000, samples: 3/1
display  D   display_settings.c:398  _al_score_display_settings       [   0.39523] Single Buffer requirement not met.
d3d      D         d3d_disp.cpp:1669 d3d_create_display_internals     [   0.39531] Trying format 0.
d3d      I         d3d_disp.cpp:1344 d3d_display_thread_proc          [   0.42743] Chose a display format: 23
d3d      I         d3d_disp.cpp:1413 d3d_display_thread_proc          [   0.42748] Normal window.
d3d      I         d3d_disp.cpp:781  d3d_create_device                [   0.45280] Using no depth stencil buffer
d3d      D         d3d_disp.cpp:839  d3d_create_device                [   0.80918] BeginScene succeeded in create_device
d3d      D         d3d_disp.cpp:847  d3d_create_device                [   0.80924] Success
d3d      D         d3d_disp.cpp:1692 d3d_create_display_internals     [   0.80929] Resumed after wait.
d3d      I         d3d_disp.cpp:1725 d3d_create_display_internals     [   0.80938] Format 0 succeeded.
d3d      D         d3d_disp.cpp:1756 d3d_create_display_internals     [   0.80943] Returning d3d_display: 0000000000115830
d3d      D         d3d_disp.cpp:1781 d3d_create_display_locked        [   0.80946] al_display=0000000000115830
d3d      D         d3d_disp.cpp:1782 d3d_create_display_locked        [   0.80949] al_display->vt=000000000010C170
system   D            wsystem.c:674  maybe_parent_dir                 [   0.80965] Also searching C:\Users\Feniks\Documents\Project_for_Golden_byte\x64\
system   D            wsystem.c:724  _al_win_safe_load_library        [   0.80992] PathFindOnPath found: C:\Windows\system32\d3dx9_43.dll
system   D            wsystem.c:635  load_library_at_path             [   0.80996] Calling LoadLibrary C:\Windows\system32\d3dx9_43.dll
system   I            wsystem.c:638  load_library_at_path             [   0.82417] Loaded C:\Windows\system32\d3dx9_43.dll
d3dx9    I        d3d_d3dx9.cpp:88   _imp_load_d3dx9_module_version   [   0.82426] Module "d3dx9_43.dll" loaded.
dtor     D               dtor.c:184  _al_register_destructor          [   0.82488] added dtor for object 0000000000143050, func 000007FED76D18C5
dtor     D               dtor.c:184  _al_register_destructor          [   0.82496] added dtor for object 000000000010CD50, func 000007FED76D226B
stdio    D         file_stdio.c:105  file_stdio_fopen                 [   0.82509] opening Resources/Images/Menu.jpg rb
d3d      D         d3d_disp.cpp:1188 real_choose_bitmap_format        [   0.83224] Fake format
d3d      D         d3d_disp.cpp:1188 real_choose_bitmap_format        [   0.83229] Fake format
d3d      D         d3d_disp.cpp:1188 real_choose_bitmap_format        [   0.83231] Fake format
d3d      D         d3d_disp.cpp:1188 real_choose_bitmap_format        [   0.83234] Fake format
d3d      D         d3d_disp.cpp:1188 real_choose_bitmap_format        [   0.83236] Fake format
d3d      D         d3d_disp.cpp:1188 real_choose_bitmap_format        [   0.83239] Fake format
d3d      D         d3d_disp.cpp:1188 real_choose_bitmap_format        [   0.83241] Fake format
d3d      D         d3d_disp.cpp:1188 real_choose_bitmap_format        [   0.83244] Fake format
d3d      D         d3d_disp.cpp:1188 real_choose_bitmap_format        [   0.83246] Fake format
d3d      D         d3d_disp.cpp:1196 real_choose_bitmap_format        [   0.83249] Alpha doesn't match
d3d      D         d3d_disp.cpp:1203 real_choose_bitmap_format        [   0.83252] Adapter format is 23
d3d      D         d3d_disp.cpp:1206 real_choose_bitmap_format        [   0.83254] Found a format
d3d      I         d3d_disp.cpp:2380 d3d_create_bitmap                [   0.83257] Chose bitmap format 9
dtor     D               dtor.c:184  _al_register_destructor          [   0.83314] added dtor for object 0000000000199BC0, func 000007FED76D1F50
d3d      D          d3d_bmp.cpp:539  _al_d3d_sync_bitmap              [   0.92753] _al_d3d_sync_bitmap (system) ref count == 1
d3d      D          d3d_bmp.cpp:545  _al_d3d_sync_bitmap              [   0.92759] _al_d3d_sync_bitmap (video) ref count == 1
stdio    D         file_stdio.c:105  file_stdio_fopen                 [   0.93143] opening Resources/Fonts/RosewoodStd-Regular.otf rb
font     D                ttf.c:847  al_load_ttf_font_stretch_f       [   0.93199] Font Resources/Fonts/RosewoodStd-Regular.otf loaded with pixel size 0 x 50.
font     D                ttf.c:849  al_load_ttf_font_stretch_f       [   0.93203]     ascent=33.0, descent=-18.0, height=60.0
dtor     D               dtor.c:184  _al_register_destructor          [   0.93207] added dtor for object 0000000000153310, func 000007FED7A611EF
stdio    D         file_stdio.c:105  file_stdio_fopen                 [   0.93210] opening Resources/Fonts/RosewoodStd-Regular.otf rb
font     D                ttf.c:847  al_load_ttf_font_stretch_f       [   0.93245] Font Resources/Fonts/RosewoodStd-Regular.otf loaded with pixel size 0 x 35.
font     D                ttf.c:849  al_load_ttf_font_stretch_f       [   0.93248]     ascent=23.0, descent=-13.0, height=42.0
dtor     D               dtor.c:184  _al_register_destructor          [   0.93252] added dtor for object 0000000000153550, func 000007FED7A611EF
d3d      D         d3d_disp.cpp:1188 real_choose_bitmap_format        [   1.06410] Fake format
d3d      D         d3d_disp.cpp:1188 real_choose_bitmap_format        [   1.06417] Fake format
d3d      D         d3d_disp.cpp:1188 real_choose_bitmap_format        [   1.06422] Fake format
d3d      D         d3d_disp.cpp:1188 real_choose_bitmap_format        [   1.06425] Fake format
d3d      D         d3d_disp.cpp:1188 real_choose_bitmap_format        [   1.06428] Fake format
d3d      D         d3d_disp.cpp:1188 real_choose_bitmap_format        [   1.06430] Fake format
d3d      D         d3d_disp.cpp:1188 real_choose_bitmap_format        [   1.06433] Fake format
d3d      D         d3d_disp.cpp:1188 real_choose_bitmap_format        [   1.06435] Fake format
d3d      D         d3d_disp.cpp:1188 real_choose_bitmap_format        [   1.06438] Fake format
d3d      D         d3d_disp.cpp:1196 real_choose_bitmap_format        [   1.06441] Alpha doesn't match
d3d      D         d3d_disp.cpp:1203 real_choose_bitmap_format        [   1.06444] Adapter format is 23
d3d      D         d3d_disp.cpp:1206 real_choose_bitmap_format        [   1.06447] Found a format
d3d      I         d3d_disp.cpp:2380 d3d_create_bitmap                [   1.06450] Chose bitmap format 9
font     D                ttf.c:225  alloc_glyph_region               [   1.06493] Glyph 14: 16x10 (16x12)
d3d      D          d3d_bmp.cpp:539  _al_d3d_sync_bitmap              [   1.07633] _al_d3d_sync_bitmap (system) ref count == 1
d3d      D          d3d_bmp.cpp:545  _al_d3d_sync_bitmap              [   1.07639] _al_d3d_sync_bitmap (video) ref count == 1
font     D                ttf.c:225  alloc_glyph_region               [   1.07672] Glyph 30: 24x16 (24x16)
d3d      D          d3d_bmp.cpp:539  _al_d3d_sync_bitmap              [   1.07875] _al_d3d_sync_bitmap (system) ref count == 1
d3d      D          d3d_bmp.cpp:545  _al_d3d_sync_bitmap              [   1.07882] _al_d3d_sync_bitmap (video) ref count == 1
font     D                ttf.c:415  cache_glyph                      [   1.07904] Glyph 1 has zero size.
font     D                ttf.c:225  alloc_glyph_region               [   1.07923] Glyph 37: 33x39 (36x40)
d3d      D          d3d_bmp.cpp:539  _al_d3d_sync_bitmap              [   1.08177] _al_d3d_sync_bitmap (system) ref count == 1
d3d      D          d3d_bmp.cpp:545  _al_d3d_sync_bitmap              [   1.08184] _al_d3d_sync_bitmap (video) ref count == 1
font     D                ttf.c:225  alloc_glyph_region               [   1.08223] Glyph 51: 36x39 (36x40)
d3d      D          d3d_bmp.cpp:539  _al_d3d_sync_bitmap              [   1.08345] _al_d3d_sync_bitmap (system) ref count == 1
d3d      D          d3d_bmp.cpp:545  _al_d3d_sync_bitmap              [   1.08351] _al_d3d_sync_bitmap (video) ref count == 1
font     D                ttf.c:225  alloc_glyph_region               [   1.08397] Glyph 38: 28x39 (28x40)
d3d      D          d3d_bmp.cpp:539  _al_d3d_sync_bitmap              [   1.08543] _al_d3d_sync_bitmap (system) ref count == 1
d3d      D          d3d_bmp.cpp:545  _al_d3d_sync_bitmap              [   1.08551] _al_d3d_sync_bitmap (video) ref count == 1
font     D                ttf.c:225  alloc_glyph_region               [   1.08594] Glyph 34: 33x39 (36x40)
d3d      D          d3d_bmp.cpp:539  _al_d3d_sync_bitmap              [   1.08891] _al_d3d_sync_bitmap (system) ref count == 1
d3d      D          d3d_bmp.cpp:545  _al_d3d_sync_bitmap              [   1.08897] _al_d3d_sync_bitmap (video) ref count == 1
font     D                ttf.c:225  alloc_glyph_region               [   1.08932] Glyph 46: 37x39 (40x40)
d3d      D          d3d_bmp.cpp:539  _al_d3d_sync_bitmap              [   1.10508] _al_d3d_sync_bitmap (system) ref count == 1
d3d      D          d3d_bmp.cpp:545  _al_d3d_sync_bitmap              [   1.10565] _al_d3d_sync_bitmap (video) ref count == 1
font     D                ttf.c:225  alloc_glyph_region               [   1.10601] Glyph 36: 30x39 (32x40)
d3d      D          d3d_bmp.cpp:539  _al_d3d_sync_bitmap              [   1.10779] _al_d3d_sync_bitmap (system) ref count == 1
d3d      D          d3d_bmp.cpp:545  _al_d3d_sync_bitmap              [   1.10786] _al_d3d_sync_bitmap (video) ref count == 1
font     D                ttf.c:225  alloc_glyph_region               [   1.10824] Glyph 52: 29x40 (32x40)
d3d      D          d3d_bmp.cpp:539  _al_d3d_sync_bitmap              [   1.11066] _al_d3d_sync_bitmap (system) ref count == 1
d3d      D          d3d_bmp.cpp:545  _al_d3d_sync_bitmap              [   1.11073] _al_d3d_sync_bitmap (video) ref count == 1
d3d      D         d3d_disp.cpp:1188 real_choose_bitmap_format        [   1.11119] Fake format
d3d      D         d3d_disp.cpp:1188 real_choose_bitmap_format        [   1.11123] Fake format
d3d      D         d3d_disp.cpp:1188 real_choose_bitmap_format        [   1.11125] Fake format
d3d      D         d3d_disp.cpp:1188 real_choose_bitmap_format        [   1.11128] Fake format
d3d      D         d3d_disp.cpp:1188 real_choose_bitmap_format        [   1.11131] Fake format
d3d      D         d3d_disp.cpp:1188 real_choose_bitmap_format        [   1.11133] Fake format
d3d      D         d3d_disp.cpp:1188 real_choose_bitmap_format        [   1.11136] Fake format
d3d      D         d3d_disp.cpp:1188 real_choose_bitmap_format        [   1.11139] Fake format
d3d      D         d3d_disp.cpp:1188 real_choose_bitmap_format        [   1.11141] Fake format
d3d      D         d3d_disp.cpp:1196 real_choose_bitmap_format        [   1.11144] Alpha doesn't match
d3d      D         d3d_disp.cpp:1203 real_choose_bitmap_format        [   1.11146] Adapter format is 23
d3d      D         d3d_disp.cpp:1206 real_choose_bitmap_format        [   1.11149] Found a format
d3d      I         d3d_disp.cpp:2380 d3d_create_bitmap                [   1.11152] Chose bitmap format 9
font     D                ttf.c:225  alloc_glyph_region               [   1.12796] Glyph 47: 24x29 (24x32)
d3d      D          d3d_bmp.cpp:539  _al_d3d_sync_bitmap              [   1.13432] _al_d3d_sync_bitmap (system) ref count == 1
d3d      D          d3d_bmp.cpp:545  _al_d3d_sync_bitmap              [   1.13439] _al_d3d_sync_bitmap (video) ref count == 1
font     D                ttf.c:225  alloc_glyph_region               [   1.13504] Glyph 70: 20x29 (20x32)
d3d      D          d3d_bmp.cpp:539  _al_d3d_sync_bitmap              [   1.13930] _al_d3d_sync_bitmap (system) ref count == 1
d3d      D          d3d_bmp.cpp:545  _al_d3d_sync_bitmap              [   1.13943] _al_d3d_sync_bitmap (video) ref count == 1
font     D                ttf.c:225  alloc_glyph_region               [   1.14226] Glyph 88: 29x29 (32x32)
d3d      D          d3d_bmp.cpp:539  _al_d3d_sync_bitmap              [   1.14757] _al_d3d_sync_bitmap (system) ref count == 1
d3d      D          d3d_bmp.cpp:545  _al_d3d_sync_bitmap              [   1.14765] _al_d3d_sync_bitmap (video) ref count == 1
font     D                ttf.c:415  cache_glyph                      [   1.14833] Glyph 1 has zero size.
font     D                ttf.c:225  alloc_glyph_region               [   1.14853] Glyph 72: 24x29 (24x32)
d3d      D          d3d_bmp.cpp:539  _al_d3d_sync_bitmap              [   1.15552] _al_d3d_sync_bitmap (system) ref count == 1
d3d      D          d3d_bmp.cpp:545  _al_d3d_sync_bitmap              [   1.15558] _al_d3d_sync_bitmap (video) ref count == 1
font     D                ttf.c:225  alloc_glyph_region               [   1.15627] Glyph 66: 24x29 (24x32)
d3d      D          d3d_bmp.cpp:539  _al_d3d_sync_bitmap              [   1.16021] _al_d3d_sync_bitmap (system) ref count == 1
d3d      D          d3d_bmp.cpp:545  _al_d3d_sync_bitmap              [   1.16027] _al_d3d_sync_bitmap (video) ref count == 1
font     D                ttf.c:225  alloc_glyph_region               [   1.16093] Glyph 78: 26x29 (28x32)
d3d      D          d3d_bmp.cpp:539  _al_d3d_sync_bitmap              [   1.16475] _al_d3d_sync_bitmap (system) ref count == 1
d3d      D          d3d_bmp.cpp:545  _al_d3d_sync_bitmap              [   1.16481] _al_d3d_sync_bitmap (video) ref count == 1
font     D                ttf.c:225  alloc_glyph_region               [   1.16770] Glyph 53: 22x29 (24x32)
d3d      D          d3d_bmp.cpp:539  _al_d3d_sync_bitmap              [   1.17237] _al_d3d_sync_bitmap (system) ref count == 1
d3d      D          d3d_bmp.cpp:545  _al_d3d_sync_bitmap              [   1.17245] _al_d3d_sync_bitmap (video) ref count == 1
font     D                ttf.c:225  alloc_glyph_region               [   1.17303] Glyph 80: 22x29 (24x32)
d3d      D          d3d_bmp.cpp:539  _al_d3d_sync_bitmap              [   1.17677] _al_d3d_sync_bitmap (system) ref count == 1
d3d      D          d3d_bmp.cpp:545  _al_d3d_sync_bitmap              [   1.17685] _al_d3d_sync_bitmap (video) ref count == 1
font     D                ttf.c:225  alloc_glyph_region               [   1.17742] Glyph 36: 22x29 (24x32)
d3d      D          d3d_bmp.cpp:539  _al_d3d_sync_bitmap              [   1.18119] _al_d3d_sync_bitmap (system) ref count == 1
d3d      D          d3d_bmp.cpp:545  _al_d3d_sync_bitmap              [   1.18128] _al_d3d_sync_bitmap (video) ref count == 1
font     D                ttf.c:225  alloc_glyph_region               [   1.18197] Glyph 79: 24x29 (24x32)
d3d      D          d3d_bmp.cpp:539  _al_d3d_sync_bitmap              [   1.18568] _al_d3d_sync_bitmap (system) ref count == 1
d3d      D          d3d_bmp.cpp:545  _al_d3d_sync_bitmap              [   1.18574] _al_d3d_sync_bitmap (video) ref count == 1
font     D                ttf.c:225  alloc_glyph_region               [   1.18629] Glyph 85: 22x29 (24x32)
d3d      D          d3d_bmp.cpp:539  _al_d3d_sync_bitmap              [   1.18912] _al_d3d_sync_bitmap (system) ref count == 1
d3d      D          d3d_bmp.cpp:545  _al_d3d_sync_bitmap              [   1.18918] _al_d3d_sync_bitmap (video) ref count == 1
font     D                ttf.c:225  alloc_glyph_region               [   1.18985] Glyph 74: 15x29 (16x32)
d3d      D          d3d_bmp.cpp:539  _al_d3d_sync_bitmap              [   1.19072] _al_d3d_sync_bitmap (system) ref count == 1
d3d      D          d3d_bmp.cpp:545  _al_d3d_sync_bitmap              [   1.19077] _al_d3d_sync_bitmap (video) ref count == 1
font     D                ttf.c:225  alloc_glyph_region               [   1.19131] Glyph 86: 24x29 (24x32)
d3d      D          d3d_bmp.cpp:539  _al_d3d_sync_bitmap              [   1.19230] _al_d3d_sync_bitmap (system) ref count == 1
d3d      D          d3d_bmp.cpp:545  _al_d3d_sync_bitmap              [   1.19235] _al_d3d_sync_bitmap (video) ref count == 1
font     D                ttf.c:225  alloc_glyph_region               [   1.19283] Glyph 15: 11x11 (12x12)
d3d      D          d3d_bmp.cpp:539  _al_d3d_sync_bitmap              [   1.19374] _al_d3d_sync_bitmap (system) ref count == 1
d3d      D          d3d_bmp.cpp:545  _al_d3d_sync_bitmap              [   1.19379] _al_d3d_sync_bitmap (video) ref count == 1
font     D                ttf.c:225  alloc_glyph_region               [   1.19445] Glyph 52: 21x29 (24x32)
d3d      D          d3d_bmp.cpp:539  _al_d3d_sync_bitmap              [   1.19536] _al_d3d_sync_bitmap (system) ref count == 1
d3d      D          d3d_bmp.cpp:545  _al_d3d_sync_bitmap              [   1.19541] _al_d3d_sync_bitmap (video) ref count == 1
font     D                ttf.c:225  alloc_glyph_region               [   1.19610] Glyph 84: 21x29 (24x32)
d3d      D          d3d_bmp.cpp:539  _al_d3d_sync_bitmap              [   1.19694] _al_d3d_sync_bitmap (system) ref count == 1
d3d      D          d3d_bmp.cpp:545  _al_d3d_sync_bitmap              [   1.19699] _al_d3d_sync_bitmap (video) ref count == 1
font     D                ttf.c:225  alloc_glyph_region               [   1.19772] Glyph 51: 26x29 (28x32)
d3d      D          d3d_bmp.cpp:539  _al_d3d_sync_bitmap              [   1.19866] _al_d3d_sync_bitmap (system) ref count == 1
d3d      D          d3d_bmp.cpp:545  _al_d3d_sync_bitmap              [   1.19871] _al_d3d_sync_bitmap (video) ref count == 1
font     D                ttf.c:225  alloc_glyph_region               [   1.19923] Glyph 77: 21x29 (24x32)
d3d      D          d3d_bmp.cpp:539  _al_d3d_sync_bitmap              [   1.20020] _al_d3d_sync_bitmap (system) ref count == 1
d3d      D          d3d_bmp.cpp:545  _al_d3d_sync_bitmap              [   1.20025] _al_d3d_sync_bitmap (video) ref count == 1
font     D                ttf.c:225  alloc_glyph_region               [   1.20083] Glyph 38: 20x29 (20x32)
d3d      D          d3d_bmp.cpp:539  _al_d3d_sync_bitmap              [   1.20175] _al_d3d_sync_bitmap (system) ref count == 1
d3d      D          d3d_bmp.cpp:545  _al_d3d_sync_bitmap              [   1.20180] _al_d3d_sync_bitmap (video) ref count == 1
font     D                ttf.c:225  alloc_glyph_region               [   1.20231] Glyph 57: 24x29 (24x32)
d3d      D          d3d_bmp.cpp:539  _al_d3d_sync_bitmap              [   1.20317] _al_d3d_sync_bitmap (system) ref count == 1
d3d      D          d3d_bmp.cpp:545  _al_d3d_sync_bitmap              [   1.20322] _al_d3d_sync_bitmap (video) ref count == 1
font     D                ttf.c:225  alloc_glyph_region               [   1.20384] Glyph 42: 15x29 (16x32)
d3d      D          d3d_bmp.cpp:539  _al_d3d_sync_bitmap              [   1.20469] _al_d3d_sync_bitmap (system) ref count == 1
d3d      D          d3d_bmp.cpp:545  _al_d3d_sync_bitmap              [   1.20474] _al_d3d_sync_bitmap (video) ref count == 1
d3d      D          d3d_bmp.cpp:539  _al_d3d_sync_bitmap              [   1.21235] _al_d3d_sync_bitmap (system) ref count == 1
d3d      D          d3d_bmp.cpp:545  _al_d3d_sync_bitmap              [   1.21242] _al_d3d_sync_bitmap (video) ref count == 1
d3d      D          d3d_bmp.cpp:539  _al_d3d_sync_bitmap              [   1.21307] _al_d3d_sync_bitmap (system) ref count == 1
d3d      D          d3d_bmp.cpp:545  _al_d3d_sync_bitmap              [   1.21313] _al_d3d_sync_bitmap (video) ref count == 1
d3d      D          d3d_bmp.cpp:539  _al_d3d_sync_bitmap              [   1.21552] _al_d3d_sync_bitmap (system) ref count == 1
d3d      D          d3d_bmp.cpp:545  _al_d3d_sync_bitmap              [   1.21569] _al_d3d_sync_bitmap (video) ref count == 1
font     D                ttf.c:225  alloc_glyph_region               [   3.45938] Glyph 86: 33x39 (36x40)
d3d      D          d3d_bmp.cpp:539  _al_d3d_sync_bitmap              [   3.46025] _al_d3d_sync_bitmap (system) ref count == 1
d3d      D          d3d_bmp.cpp:545  _al_d3d_sync_bitmap              [   3.46031] _al_d3d_sync_bitmap (video) ref count == 1
font     D                ttf.c:225  alloc_glyph_region               [   3.46070] Glyph 84: 29x40 (32x40)
d3d      D          d3d_bmp.cpp:539  _al_d3d_sync_bitmap              [   3.46147] _al_d3d_sync_bitmap (system) ref count == 1
d3d      D          d3d_bmp.cpp:545  _al_d3d_sync_bitmap              [   3.46153] _al_d3d_sync_bitmap (video) ref count == 1
font     D                ttf.c:225  alloc_glyph_region               [   3.46181] Glyph 74: 21x39 (24x40)
d3d      D          d3d_bmp.cpp:539  _al_d3d_sync_bitmap              [   3.46254] _al_d3d_sync_bitmap (system) ref count == 1
d3d      D          d3d_bmp.cpp:545  _al_d3d_sync_bitmap              [   3.46259] _al_d3d_sync_bitmap (video) ref count == 1
font     D                ttf.c:225  alloc_glyph_region               [   3.46289] Glyph 68: 30x39 (32x40)
d3d      D          d3d_bmp.cpp:539  _al_d3d_sync_bitmap              [   3.46363] _al_d3d_sync_bitmap (system) ref count == 1
d3d      D          d3d_bmp.cpp:545  _al_d3d_sync_bitmap              [   3.46368] _al_d3d_sync_bitmap (video) ref count == 1
font     D                ttf.c:225  alloc_glyph_region               [   3.46541] Glyph 45: 21x29 (24x32)
d3d      D          d3d_bmp.cpp:539  _al_d3d_sync_bitmap              [   3.46728] _al_d3d_sync_bitmap (system) ref count == 1
d3d      D          d3d_bmp.cpp:545  _al_d3d_sync_bitmap              [   3.46734] _al_d3d_sync_bitmap (video) ref count == 1
font     D                ttf.c:225  alloc_glyph_region               [   3.46795] Glyph 35: 23x29 (24x32)
d3d      D          d3d_bmp.cpp:539  _al_d3d_sync_bitmap              [   3.47044] _al_d3d_sync_bitmap (system) ref count == 1
d3d      D          d3d_bmp.cpp:545  _al_d3d_sync_bitmap              [   3.47050] _al_d3d_sync_bitmap (video) ref count == 1
font     D                ttf.c:225  alloc_glyph_region               [   3.47127] Glyph 68: 22x29 (24x32)
d3d      D          d3d_bmp.cpp:539  _al_d3d_sync_bitmap              [   3.47405] _al_d3d_sync_bitmap (system) ref count == 1
d3d      D          d3d_bmp.cpp:545  _al_d3d_sync_bitmap              [   3.47412] _al_d3d_sync_bitmap (video) ref count == 1
font     D                ttf.c:225  alloc_glyph_region               [   3.47482] Glyph 76: 25x29 (28x32)
d3d      D          d3d_bmp.cpp:539  _al_d3d_sync_bitmap              [   3.47610] _al_d3d_sync_bitmap (system) ref count == 1
d3d      D          d3d_bmp.cpp:545  _al_d3d_sync_bitmap              [   3.47616] _al_d3d_sync_bitmap (video) ref count == 1
d3d      D          d3d_bmp.cpp:539  _al_d3d_sync_bitmap              [   3.47789] _al_d3d_sync_bitmap (system) ref count == 1
d3d      D          d3d_bmp.cpp:545  _al_d3d_sync_bitmap              [   3.47794] _al_d3d_sync_bitmap (video) ref count == 1
d3d      D          d3d_bmp.cpp:539  _al_d3d_sync_bitmap              [   3.47836] _al_d3d_sync_bitmap (system) ref count == 1
d3d      D          d3d_bmp.cpp:545  _al_d3d_sync_bitmap              [   3.47840] _al_d3d_sync_bitmap (video) ref count == 1
d3d      I         d3d_disp.cpp:901  d3d_destroy_display              [  15.94956] destroying display 0000000000115830 (current 0000000000000000)
bitmap   D        bitmap_type.c:300  _al_convert_to_memory_bitmap     [  15.95142] converting display bitmap 0000000006588040 to memory bitmap
dtor     D               dtor.c:184  _al_register_destructor          [  15.95189] added dtor for object 000000000016EBA0, func 000007FED76D1F50
d3d      D          d3d_bmp.cpp:539  _al_d3d_sync_bitmap              [  15.95293] _al_d3d_sync_bitmap (system) ref count == 1
d3d      D          d3d_bmp.cpp:545  _al_d3d_sync_bitmap              [  15.95301] _al_d3d_sync_bitmap (video) ref count == 1
dtor     D               dtor.c:214  _al_unregister_destructor        [  15.95372] removed dtor for object 000000000016EBA0
bitmap   D        bitmap_type.c:300  _al_convert_to_memory_bitmap     [  15.95440] converting display bitmap 000000000016E740 to memory bitmap
dtor     D               dtor.c:184  _al_register_destructor          [  15.95457] added dtor for object 000000000016EBA0, func 000007FED76D1F50
d3d      D          d3d_bmp.cpp:539  _al_d3d_sync_bitmap              [  15.95502] _al_d3d_sync_bitmap (system) ref count == 1
d3d      D          d3d_bmp.cpp:545  _al_d3d_sync_bitmap              [  15.95508] _al_d3d_sync_bitmap (video) ref count == 1
dtor     D               dtor.c:214  _al_unregister_destructor        [  15.95527] removed dtor for object 000000000016EBA0
bitmap   D        bitmap_type.c:300  _al_convert_to_memory_bitmap     [  15.95560] converting display bitmap 0000000000199BC0 to memory bitmap
dtor     D               dtor.c:184  _al_register_destructor          [  15.95608] added dtor for object 000000000016EBA0, func 000007FED76D1F50
d3d      D          d3d_bmp.cpp:539  _al_d3d_sync_bitmap              [  15.95712] _al_d3d_sync_bitmap (system) ref count == 1
d3d      D          d3d_bmp.cpp:545  _al_d3d_sync_bitmap              [  15.95718] _al_d3d_sync_bitmap (video) ref count == 1
dtor     D               dtor.c:214  _al_unregister_destructor        [  15.95790] removed dtor for object 000000000016EBA0
d3d      D         d3d_disp.cpp:885  d3d_destroy_display_internals    [  15.95860] waiting for display 0000000000115830's thread to end
d3d      I         d3d_disp.cpp:1549 d3d_display_thread_proc          [  16.00265] d3d display thread exits
dtor     D               dtor.c:214  _al_unregister_destructor        [  16.01714] removed dtor for object 0000000000143050
dtor     D               dtor.c:214  _al_unregister_destructor        [  16.01722] removed dtor for object 000000000010CD50
dtor     D               dtor.c:114  _al_run_destructors              [  17.39824] calling dtor for object 0000000000153550, func 000007FED7A611EF
dtor     D               dtor.c:214  _al_unregister_destructor        [  17.39829] removed dtor for object 0000000000153550
dtor     D               dtor.c:114  _al_run_destructors              [  17.39865] calling dtor for object 0000000000153310, func 000007FED7A611EF
dtor     D               dtor.c:214  _al_unregister_destructor        [  17.39870] removed dtor for object 0000000000153310
dtor     D               dtor.c:114  _al_run_destructors              [  17.39883] calling dtor for object 0000000000199BC0, func 000007FED76D1F50
dtor     D               dtor.c:214  _al_unregister_destructor        [  17.39887] removed dtor for object 0000000000199BC0
