Build started 17.02.2016 21:00:35.
     1>Project "C:\Users\xv\Documents\Repositoriy\GoldenByte\SilenkoArtem\Progect\Progect.vcxproj" on node 2 (Build target(s)).
     1>ClCompile:
         C:\Program Files (x86)\Microsoft Visual Studio 14.0\VC\bin\x86_amd64\CL.exe /c /IC:\Users\xv\Documents\Repositoriy\GoldenByte\SilenkoArtem\packages\Allegro.5.1.13.0\build\native\include\ /IC:\Users\xv\Documents\Repositoriy\GoldenByte\SilenkoArtem\packages\AllegroDeps.1.4.0.0\build\native\\include\ /ZI /nologo /W3 /WX- /sdl /Od /D _DEBUG /D _CONSOLE /D _UNICODE /D UNICODE /Gm /EHsc /RTC1 /MDd /GS /fp:precise /Zc:wchar_t /Zc:forScope /Zc:inline /Fo"x64\Debug\\" /Fd"x64\Debug\vc140.pdb" /Gd /TP /errorReport:prompt AllegroCore.cpp GameView.cpp Source.cpp
         AllegroCore.cpp
         Generating Code...
         Compiling...
         GameView.cpp
         Generating Code...
         Skipping... (no relevant changes detected)
         Source.cpp
       Link:
         C:\Program Files (x86)\Microsoft Visual Studio 14.0\VC\bin\x86_amd64\link.exe /ERRORREPORT:PROMPT /OUT:"C:\Users\xv\Documents\Repositoriy\GoldenByte\SilenkoArtem\x64\Debug\Progect.exe" /INCREMENTAL /NOLOGO "C:\Users\xv\Documents\Repositoriy\GoldenByte\SilenkoArtem\packages\Allegro.5.1.13.0\build\native\v140\x64\lib\allegro-debug.lib" "C:\Users\xv\Documents\Repositoriy\GoldenByte\SilenkoArtem\packages\Allegro.5.1.13.0\build\native\v140\x64\lib\allegro_main-debug.lib" "C:\Users\xv\Documents\Repositoriy\GoldenByte\SilenkoArtem\packages\Allegro.5.1.13.0\build\native\v140\x64\lib\allegro_image-debug.lib" "C:\Users\xv\Documents\Repositoriy\GoldenByte\SilenkoArtem\packages\Allegro.5.1.13.0\build\native\v140\x64\lib\allegro_color-debug.lib" "C:\Users\xv\Documents\Repositoriy\GoldenByte\SilenkoArtem\packages\Allegro.5.1.13.0\build\native\v140\x64\lib\allegro_font-debug.lib" "C:\Users\xv\Documents\Repositoriy\GoldenByte\SilenkoArtem\packages\Allegro.5.1.13.0\build\native\v140\x64\lib\allegro_ttf-debug.lib" kernel32.lib user32.lib gdi32.lib winspool.lib comdlg32.lib advapi32.lib shell32.lib ole32.lib oleaut32.lib uuid.lib odbc32.lib odbccp32.lib /MANIFEST /MANIFESTUAC:"level='asInvoker' uiAccess='false'" /manifest:embed /Debug /PDB:"C:\Users\xv\Documents\Repositoriy\GoldenByte\SilenkoArtem\x64\Debug\Progect.pdb" /SUBSYSTEM:CONSOLE /TLBID:1 /DYNAMICBASE /NXCOMPAT /IMPLIB:"C:\Users\xv\Documents\Repositoriy\GoldenByte\SilenkoArtem\x64\Debug\Progect.lib" /MACHINE:X64 x64\Debug\AllegroCore.obj
         x64\Debug\BaseView.obj
         x64\Debug\DifficultMenuView.obj
         x64\Debug\GameView.obj
         x64\Debug\MainMenuView.obj
         x64\Debug\SettingsMenuView.obj
         x64\Debug\Source.obj
         Progect.vcxproj -> C:\Users\xv\Documents\Repositoriy\GoldenByte\SilenkoArtem\x64\Debug\Progect.exe
     1>Done Building Project "C:\Users\xv\Documents\Repositoriy\GoldenByte\SilenkoArtem\Progect\Progect.vcxproj" (Build target(s)).

Build succeeded.

Time Elapsed 00:00:04.79
